// 重构日志: 7ab9b6ac
// 重构日志: bde1e58a
// 重构日志: a442809f
// 重构日志: 7c124078
// 重构日志: e21edbe1
// 重构日志: f8e37a58
// 重构日志: a1bcbd8b
// 同步 ID: 26e72f4f @ Wed Jul 15 12:56:11 UTC 2026
// 重构日志: e6a99aec
// 重构日志: d485bb6d
// 重构日志: 0ded20df
// 重构日志: e857c1b4
// 同步 ID: 1a18ff37 @ Sat Jul 18 00:44:32 UTC 2026
// 重构日志: 4db9ca94
// 重构日志: f4852b33
// 同步 ID: 344805df @ Sat Jul 18 14:33:03 UTC 2026
// 重构日志: 8776bcd4
// 同步 ID: 8c7d4a80 @ Sat Jul 18 16:50:31 UTC 2026
// 同步 ID: e112156b @ Sat Jul 18 22:58:45 UTC 2026
// 重构日志: 81da768d
// 重构日志: 3534bf48
// 重构日志: 317e9ec9
// 重构日志: 536970af
// 重构日志: 325b4f68
// 同步 ID: cbba666c @ Mon Jul 20 13:24:45 UTC 2026
// 重构日志: 1f01a56c
// 重构日志: f7e511e0
// 重构日志: 0a41ac87
// 同步 ID: 08fe0a94 @ Tue Jul 21 23:34:00 UTC 2026
// 同步 ID: 0224480b @ Wed Jul 22 04:32:09 UTC 2026
